========================================================
                       일주일 날씨 예보                
========================================================
  실행 시각 : 2026-07-08 08:56:49
  위치 : 알렌 (위도 33.1, 경도 -96.67)
========================================================
  07월 07일 (화)  |  부분적으로 흐림    |  최고  35.7°C /  96.3°F  |  최저  24.4°C /  75.9°F
  07월 08일 (수) [today]  |  흐림          |  최고  37.5°C /  99.5°F  |  최저  24.8°C /  76.6°F
  07월 09일 (목)  |  흐림          |  최고  38.9°C / 102.0°F  |  최저  26.5°C /  79.7°F
  07월 10일 (금)  |  흐림          |  최고  36.8°C /  98.2°F  |  최저  26.0°C /  78.8°F
  07월 11일 (토)  |  가벼운 이슬비     |  최고  36.4°C /  97.5°F  |  최저  25.8°C /  78.4°F
  07월 12일 (일)  |  이슬비         |  최고  36.8°C /  98.2°F  |  최저  24.9°C /  76.8°F
  07월 13일 (월)  |  흐림          |  최고  38.0°C / 100.4°F  |  최저  25.5°C /  77.9°F
========================================================
[main a000c51] chore: 날씨 데이터 자동 갱신 (2026-07-08)
 2 files changed, 14 insertions(+)
 create mode 100644 launchd_stderr.log
 create mode 100644 launchd_stdout.log
========================================================
                       일주일 날씨 예보                
========================================================
  실행 시각 : 2026-07-09 10:52:50
  위치 : 알렌 (위도 33.1, 경도 -96.67)
  대기질 : PM2.5 좋음(11㎍/m³)  |  UV 좋음(0)
========================================================
  07월 05일 (일)  |  이슬비         |  최고  33.0°C /  91.4°F  |  최저  23.0°C /  73.4°F
  07월 06일 (월)  |  약한 비        |  최고  35.4°C /  95.7°F  |  최저  23.4°C /  74.1°F
  07월 07일 (화)  |  짙은 이슬비      |  최고  33.6°C /  92.5°F  |  최저  23.7°C /  74.7°F
  07월 08일 (수)  |  이슬비         |  최고  35.6°C /  96.1°F  |  최저  24.6°C /  76.3°F
  07월 09일 (목) [today]  |  대체로 맑음      |  최고  38.4°C / 101.1°F  |  최저  27.2°C /  81.0°F
  07월 10일 (금)  |  흐림          |  최고  37.8°C / 100.0°F  |  최저  26.2°C /  79.2°F
  07월 11일 (토)  |  가벼운 이슬비     |  최고  35.7°C /  96.3°F  |  최저  26.0°C /  78.8°F
========================================================

========================================================
                       일주일 날씨 예보                
========================================================
  실행 시각 : 2026-07-09 10:52:50
  위치 : 서울 (위도 37.57, 경도 126.98)
  대기질 : PM2.5 좋음(7㎍/m³)  |  UV 좋음(1)
========================================================
  07월 05일 (일)  |  비           |  최고  30.5°C /  86.9°F  |  최저  22.6°C /  72.7°F
  07월 06일 (월)  |  강한 비        |  최고  29.0°C /  84.2°F  |  최저  22.7°C /  72.9°F
  07월 07일 (화)  |  약한 비        |  최고  29.6°C /  85.3°F  |  최저  22.9°C /  73.2°F
  07월 08일 (수)  |  강한 비        |  최고  27.5°C /  81.5°F  |  최저  23.2°C /  73.8°F
  07월 09일 (목) [today]  |  약한 비        |  최고  26.5°C /  79.7°F  |  최저  22.8°C /  73.0°F
  07월 10일 (금)  |  비           |  최고  27.9°C /  82.2°F  |  최저  23.7°C /  74.7°F
  07월 11일 (토)  |  흐림          |  최고  31.7°C /  89.1°F  |  최저  23.9°C /  75.0°F
========================================================

